<?xml version="1.0" encoding="UTF-8"?>
<coverage generated="1719502204668" clover="3.2.0">
  <project timestamp="1719502204668" name="All files">
    <metrics statements="27" coveredstatements="18" conditionals="4" coveredconditionals="4" methods="6" coveredmethods="3" elements="37" coveredelements="25" complexity="0" loc="27" ncloc="27" packages="2" files="2" classes="2"/>
    <package name="config">
      <metrics statements="4" coveredstatements="2" conditionals="0" coveredconditionals="0" methods="1" coveredmethods="0"/>
      <file name="cloudinary.ts" path="D:\projects\dynamo-crm\dynamo-crm-server\src\config\cloudinary.ts">
        <metrics statements="4" coveredstatements="2" conditionals="0" coveredconditionals="0" methods="1" coveredmethods="0"/>
        <line num="3" count="1" type="stmt"/>
        <line num="4" count="1" type="stmt"/>
        <line num="11" count="0" type="stmt"/>
        <line num="14" count="0" type="stmt"/>
      </file>
    </package>
    <package name="utils">
      <metrics statements="23" coveredstatements="16" conditionals="4" coveredconditionals="4" methods="5" coveredmethods="3"/>
      <file name="helper.ts" path="D:\projects\dynamo-crm\dynamo-crm-server\src\utils\helper.ts">
        <metrics statements="23" coveredstatements="16" conditionals="4" coveredconditionals="4" methods="5" coveredmethods="3"/>
        <line num="4" count="1" type="stmt"/>
        <line num="5" count="0" type="stmt"/>
        <line num="6" count="0" type="stmt"/>
        <line num="7" count="0" type="stmt"/>
        <line num="8" count="0" type="stmt"/>
        <line num="9" count="0" type="stmt"/>
        <line num="12" count="0" type="stmt"/>
        <line num="13" count="0" type="stmt"/>
        <line num="16" count="1" type="stmt"/>
        <line num="17" count="2" type="stmt"/>
        <line num="18" count="2" type="stmt"/>
        <line num="19" count="2" type="stmt"/>
        <line num="22" count="1" type="stmt"/>
        <line num="23" count="1" type="stmt"/>
        <line num="24" count="1" type="stmt"/>
        <line num="27" count="1" type="stmt"/>
        <line num="28" count="1" type="stmt"/>
        <line num="29" count="1" type="stmt"/>
        <line num="30" count="1" type="cond" truecount="2" falsecount="0"/>
        <line num="31" count="1" type="cond" truecount="2" falsecount="0"/>
        <line num="32" count="1" type="stmt"/>
        <line num="33" count="1" type="stmt"/>
        <line num="38" count="1" type="stmt"/>
      </file>
    </package>
  </project>
</coverage>
