{"D:\\projects\\dynamo-crm\\dynamo-crm-server\\src\\config\\cloudinary.ts": {"path":"D:\\projects\\dynamo-crm\\dynamo-crm-server\\src\\config\\cloudinary.ts","statementMap":{"0":{"start":{"line":3,"column":19},"end":{"line":3,"column":21}},"1":{"start":{"line":4,"column":0},"end":{"line":8,"column":3}},"2":{"start":{"line":11,"column":14},"end":{"line":13,"column":4}},"3":{"start":{"line":14,"column":2},"end":{"line":14,"column":13}}},"fnMap":{"0":{"name":"uploadToCloud","decl":{"start":{"line":10,"column":15},"end":{"line":10,"column":28}},"loc":{"start":{"line":10,"column":43},"end":{"line":15,"column":1}},"line":10}},"branchMap":{},"s":{"0":1,"1":1,"2":0,"3":0},"f":{"0":0},"b":{},"_coverageSchema":"1a1c01bbd47fc00a2c39e90264f33305004495a9","hash":"da8a05b55bfd30e1d3d60b0e4d1e59a9864fc9b0"}
,"D:\\projects\\dynamo-crm\\dynamo-crm-server\\src\\utils\\helper.ts": {"path":"D:\\projects\\dynamo-crm\\dynamo-crm-server\\src\\utils\\helper.ts","statementMap":{"0":{"start":{"line":4,"column":20},"end":{"line":14,"column":1}},"1":{"start":{"line":5,"column":25},"end":{"line":10,"column":4}},"2":{"start":{"line":6,"column":16},"end":{"line":6,"column":59}},"3":{"start":{"line":7,"column":20},"end":{"line":7,"column":62}},"4":{"start":{"line":8,"column":16},"end":{"line":8,"column":44}},"5":{"start":{"line":9,"column":4},"end":{"line":9,"column":26}},"6":{"start":{"line":12,"column":22},"end":{"line":12,"column":55}},"7":{"start":{"line":13,"column":2},"end":{"line":13,"column":21}},"8":{"start":{"line":16,"column":21},"end":{"line":20,"column":1}},"9":{"start":{"line":17,"column":15},"end":{"line":17,"column":39}},"10":{"start":{"line":18,"column":25},"end":{"line":18,"column":58}},"11":{"start":{"line":19,"column":2},"end":{"line":19,"column":24}},"12":{"start":{"line":22,"column":24},"end":{"line":25,"column":1}},"13":{"start":{"line":23,"column":18},"end":{"line":23,"column":64}},"14":{"start":{"line":24,"column":2},"end":{"line":24,"column":17}},"15":{"start":{"line":27,"column":22},"end":{"line":43,"column":1}},"16":{"start":{"line":28,"column":29},"end":{"line":28,"column":31}},"17":{"start":{"line":29,"column":30},"end":{"line":29,"column":31}},"18":{"start":{"line":30,"column":15},"end":{"line":30,"column":66}},"19":{"start":{"line":31,"column":16},"end":{"line":31,"column":67}},"20":{"start":{"line":32,"column":15},"end":{"line":32,"column":33}},"21":{"start":{"line":33,"column":25},"end":{"line":37,"column":3}},"22":{"start":{"line":38,"column":2},"end":{"line":42,"column":4}}},"fnMap":{"0":{"name":"(anonymous_0)","decl":{"start":{"line":4,"column":20},"end":{"line":4,"column":21}},"loc":{"start":{"line":4,"column":79},"end":{"line":14,"column":1}},"line":4},"1":{"name":"(anonymous_1)","decl":{"start":{"line":5,"column":35},"end":{"line":5,"column":36}},"loc":{"start":{"line":5,"column":72},"end":{"line":10,"column":3}},"line":5},"2":{"name":"(anonymous_2)","decl":{"start":{"line":16,"column":21},"end":{"line":16,"column":22}},"loc":{"start":{"line":16,"column":49},"end":{"line":20,"column":1}},"line":16},"3":{"name":"(anonymous_3)","decl":{"start":{"line":22,"column":24},"end":{"line":22,"column":25}},"loc":{"start":{"line":22,"column":76},"end":{"line":25,"column":1}},"line":22},"4":{"name":"(anonymous_4)","decl":{"start":{"line":27,"column":22},"end":{"line":27,"column":23}},"loc":{"start":{"line":27,"column":53},"end":{"line":43,"column":1}},"line":27}},"branchMap":{"0":{"loc":{"start":{"line":30,"column":15},"end":{"line":30,"column":66}},"type":"binary-expr","locations":[{"start":{"line":30,"column":15},"end":{"line":30,"column":43}},{"start":{"line":30,"column":47},"end":{"line":30,"column":66}}],"line":30},"1":{"loc":{"start":{"line":31,"column":16},"end":{"line":31,"column":67}},"type":"binary-expr","locations":[{"start":{"line":31,"column":16},"end":{"line":31,"column":45}},{"start":{"line":31,"column":49},"end":{"line":31,"column":67}}],"line":31}},"s":{"0":1,"1":0,"2":0,"3":0,"4":0,"5":0,"6":0,"7":0,"8":1,"9":2,"10":2,"11":2,"12":1,"13":1,"14":1,"15":1,"16":1,"17":1,"18":1,"19":1,"20":1,"21":1,"22":1},"f":{"0":0,"1":0,"2":2,"3":1,"4":1},"b":{"0":[1,1],"1":[1,1]},"_coverageSchema":"1a1c01bbd47fc00a2c39e90264f33305004495a9","hash":"90f460bbe67e1c930ac430133d62b3ba66d97a79"}
}
